executing config test deepin-kwin-test
+ cd /home/vuk/桌面/DTK/qt5platform-plugins-5.0.42/wayland/wayland-shell/config.tests/deepin-kwin-test && /usr/lib/qt5/bin/qmake  -spec /usr/lib/x86_64-linux-gnu/qt5/mkspecs/linux-g++ "CONFIG -= qt debug_and_release app_bundle lib_bundle" /home/vuk/桌面/DTK/qt5platform-plugins-5.0.42/wayland/wayland-shell/config.tests/deepin-kwin-test
> Info: creating stash file /home/vuk/桌面/DTK/qt5platform-plugins-5.0.42/wayland/wayland-shell/.qmake.stash
+ cd /home/vuk/桌面/DTK/qt5platform-plugins-5.0.42/wayland/wayland-shell/config.tests/deepin-kwin-test && MAKEFLAGS= make
> make[3]: 进入目录“/home/vuk/桌面/DTK/qt5platform-plugins-5.0.42/wayland/wayland-shell/config.tests/deepin-kwin-test”
> g++ -c -pipe -O2 -D_REENTRANT -Wall -W -fPIC -DQT_NO_DEBUG -DQT_GUI_LIB -DQT_CORE_LIB -I. -isystem /usr/include/x86_64-linux-gnu/qt5 -isystem /usr/include/x86_64-linux-gnu/qt5/QtGui -isystem /usr/include/KF5 -isystem /usr/include/x86_64-linux-gnu/qt5/QtCore -I. -I/usr/lib/x86_64-linux-gnu/qt5/mkspecs/linux-g++ -o main.o main.cpp
> main.cpp: In function ‘int main()’:
> main.cpp:5:49: error: ‘Override’ is not a member of ‘KWayland::Client::PlasmaShellSurface::Role’
>     5 |     KWayland::Client::PlasmaShellSurface::Role::Override;
>       |                                                 ^~~~~~~~
> make[3]: *** [Makefile:327：main.o] 错误 1
> make[3]: 离开目录“/home/vuk/桌面/DTK/qt5platform-plugins-5.0.42/wayland/wayland-shell/config.tests/deepin-kwin-test”
test deepin-kwin-test FAILED
